#! /usr/local/iverilog/bin/vvp
:ivl_version "11.0 (devel)" "(s20150603-612-ga9388a89)";
:ivl_delay_selection "TYPICAL";
:vpi_time_precision - 10;
:vpi_module "system";
:vpi_module "vhdl_sys";
:vpi_module "vhdl_textio";
:vpi_module "v2005_math";
:vpi_module "va_math";
S_0000000002783a10 .scope module, "tb_leapyear" "tb_leapyear" 2 3;
 .timescale -9 -10;
v0000000002836b30_0 .var "CLOCK", 0 0;
v0000000002836ef0_0 .net "H0", 7 0, L_00000000027caa80;  1 drivers
v0000000002835e10_0 .net "H1", 7 0, L_00000000027ca5b0;  1 drivers
v0000000002835ff0_0 .net "H2", 7 0, L_00000000027cabd0;  1 drivers
v0000000002836090_0 .net "H3", 7 0, L_00000000027ca460;  1 drivers
v00000000028354b0_0 .net "H4", 7 0, L_00000000027cb030;  1 drivers
v0000000002836130_0 .net "H5", 7 0, L_00000000027ca9a0;  1 drivers
o00000000027d6be8 .functor BUFZ 2, C4<zz>; HiZ drive
v00000000028369f0_0 .net "KEY", 1 0, o00000000027d6be8;  0 drivers
v0000000002836450_0 .net "LED", 9 0, L_0000000002836d10;  1 drivers
v0000000002836bd0_0 .var "SW", 9 0;
E_00000000027cd9c0 .event posedge, v000000000282fed0_0;
S_0000000002792dc0 .scope module, "R0" "Lab2" 2 21, 3 6 0, S_0000000002783a10;
 .timescale -9 -10;
    .port_info 0 /INPUT 1 "ADC_CLK_10";
    .port_info 1 /OUTPUT 8 "HEX0";
    .port_info 2 /OUTPUT 8 "HEX1";
    .port_info 3 /OUTPUT 8 "HEX2";
    .port_info 4 /OUTPUT 8 "HEX3";
    .port_info 5 /OUTPUT 8 "HEX4";
    .port_info 6 /OUTPUT 8 "HEX5";
    .port_info 7 /INPUT 2 "KEY";
    .port_info 8 /OUTPUT 10 "LEDR";
    .port_info 9 /INPUT 10 "SW";
L_00000000027cae70 .functor BUFZ 1, v00000000028363b0_0, C4<0>, C4<0>, C4<0>;
L_00000000027ca1c0 .functor NOT 1, v00000000028363b0_0, C4<0>, C4<0>, C4<0>;
L_00000000027ca4d0 .functor BUFZ 1, v000000000282f9d0_0, C4<0>, C4<0>, C4<0>;
L_00000000027caf50 .functor BUFZ 1, v0000000002836810_0, C4<0>, C4<0>, C4<0>;
v0000000002830a10_0 .net "ADC_CLK_10", 0 0, v0000000002836b30_0;  1 drivers
v000000000282fbb0_0 .net "HEX0", 7 0, L_00000000027caa80;  alias, 1 drivers
v000000000282fcf0_0 .net "HEX1", 7 0, L_00000000027ca5b0;  alias, 1 drivers
v000000000282fd90_0 .net "HEX2", 7 0, L_00000000027cabd0;  alias, 1 drivers
v0000000002830010_0 .net "HEX3", 7 0, L_00000000027ca460;  alias, 1 drivers
v0000000002830150_0 .net "HEX4", 7 0, L_00000000027cb030;  alias, 1 drivers
v00000000028301f0_0 .net "HEX5", 7 0, L_00000000027ca9a0;  alias, 1 drivers
v0000000002830330_0 .net "KEY", 1 0, o00000000027d6be8;  alias, 0 drivers
v0000000002830470_0 .net "LEDR", 9 0, L_0000000002836d10;  alias, 1 drivers
v00000000028303d0_0 .net "SW", 9 0, v0000000002836bd0_0;  1 drivers
v0000000002836630_0 .net *"_s11", 0 0, L_00000000027ca4d0;  1 drivers
v0000000002836a90_0 .net *"_s16", 0 0, L_00000000028355f0;  1 drivers
v0000000002835410_0 .net *"_s20", 0 0, L_0000000002835730;  1 drivers
v0000000002835f50_0 .net *"_s24", 0 0, L_0000000002836c70;  1 drivers
o00000000027d70f8 .functor BUFZ 8, C4<zzzzzzzz>; HiZ drive
; Elide local net with no drivers, v0000000002835eb0_0 name=_s28
v0000000002835cd0_0 .net *"_s6", 0 0, L_00000000027ca1c0;  1 drivers
v0000000002836810_0 .var "div_val", 0 0;
v0000000002835550_0 .var "feb_day", 7 0;
v0000000002835d70_0 .net "latch", 0 0, L_00000000027cae70;  1 drivers
v00000000028363b0_0 .var "latch_out", 0 0;
v0000000002836950_0 .net "s_clk", 0 0, v000000000282f9d0_0;  1 drivers
v0000000002835690_0 .net "val", 0 0, L_00000000027caf50;  1 drivers
E_00000000027ce880 .event negedge, L_0000000002836c70;
E_00000000027ce900 .event edge, L_0000000002835730;
E_00000000027ceec0 .event negedge, L_00000000028355f0;
L_00000000028355f0 .part o00000000027d6be8, 0, 1;
L_0000000002835730 .part v0000000002836bd0_0, 9, 1;
L_0000000002836c70 .part o00000000027d6be8, 1, 1;
L_0000000002836d10 .concat [ 1 1 8 0], L_00000000027ca1c0, L_00000000027ca4d0, o00000000027d70f8;
S_0000000002792f50 .scope module, "C0" "counters" 3 66, 4 1 0, S_0000000002792dc0;
 .timescale -9 -10;
    .port_info 0 /INPUT 1 "clk";
    .port_info 1 /INPUT 1 "reset_n";
    .port_info 2 /INPUT 8 "feb_day";
    .port_info 3 /OUTPUT 8 "H0";
    .port_info 4 /OUTPUT 8 "H1";
    .port_info 5 /OUTPUT 8 "H2";
    .port_info 6 /OUTPUT 8 "H4";
    .port_info 7 /OUTPUT 8 "H5";
    .port_info 8 /INPUT 2 "KEY";
    .port_info 9 /INPUT 10 "SW";
v0000000002830650_0 .net "H0", 7 0, L_00000000027caa80;  alias, 1 drivers
v0000000002830830_0 .net "H1", 7 0, L_00000000027ca5b0;  alias, 1 drivers
v0000000002830e70_0 .net "H2", 7 0, L_00000000027cabd0;  alias, 1 drivers
v000000000282f250_0 .net "H4", 7 0, L_00000000027cb030;  alias, 1 drivers
v000000000282fa70_0 .net "H5", 7 0, L_00000000027ca9a0;  alias, 1 drivers
v0000000002830f10_0 .net "KEY", 1 0, o00000000027d6be8;  alias, 0 drivers
v00000000028306f0_0 .net "SW", 9 0, v0000000002836bd0_0;  alias, 1 drivers
v0000000002830970_0 .net "clk", 0 0, v000000000282f9d0_0;  alias, 1 drivers
v0000000002830d30_0 .var "cntr1", 7 0;
v000000000282fb10_0 .var "cntr2", 7 0;
v000000000282f890_0 .var "cntr99", 7 0;
v0000000002830790_0 .net "feb_day", 7 0, v0000000002835550_0;  1 drivers
v000000000282f4d0_0 .net "reset_n", 0 0, L_00000000027cae70;  alias, 1 drivers
E_00000000027cf0c0/0 .event negedge, v0000000002830c90_0;
E_00000000027cf0c0/1 .event posedge, v000000000282f070_0;
E_00000000027cf0c0 .event/or E_00000000027cf0c0/0, E_00000000027cf0c0/1;
S_00000000027992e0 .scope module, "M0" "monthday" 4 63, 5 1 0, S_0000000002792f50;
 .timescale -9 -10;
    .port_info 0 /INPUT 1 "clk";
    .port_info 1 /INPUT 1 "reset_n";
    .port_info 2 /INPUT 8 "cntr99";
    .port_info 3 /INPUT 8 "feb_day";
    .port_info 4 /OUTPUT 8 "H0";
    .port_info 5 /OUTPUT 8 "H1";
    .port_info 6 /OUTPUT 8 "H2";
    .port_info 7 /INPUT 10 "SW";
v0000000002830bf0_0 .net "H0", 7 0, L_00000000027caa80;  alias, 1 drivers
v000000000282f570_0 .net "H1", 7 0, L_00000000027ca5b0;  alias, 1 drivers
v000000000282fe30_0 .net "H2", 7 0, L_00000000027cabd0;  alias, 1 drivers
v000000000282f430_0 .net "SW", 9 0, v0000000002836bd0_0;  alias, 1 drivers
v000000000282f070_0 .net "clk", 0 0, v000000000282f9d0_0;  alias, 1 drivers
v0000000002830290_0 .net "cntr99", 7 0, v000000000282f890_0;  1 drivers
v00000000028308d0_0 .var "day_cntr", 7 0;
v0000000002830dd0_0 .net "feb_day", 7 0, v0000000002835550_0;  alias, 1 drivers
v0000000002830b50_0 .var "month_d", 7 0;
v0000000002830c90_0 .net "reset_n", 0 0, L_00000000027cae70;  alias, 1 drivers
E_00000000027cf980 .event edge, v0000000002830290_0;
S_0000000002799470 .scope module, "D0" "daydisplay" 5 44, 6 1 0, S_00000000027992e0;
 .timescale -9 -10;
    .port_info 0 /INPUT 8 "day_cntr";
    .port_info 1 /OUTPUT 8 "H0";
    .port_info 2 /OUTPUT 8 "H1";
v00000000027c2de0_0 .net "H0", 7 0, L_00000000027caa80;  alias, 1 drivers
v00000000027c2e80_0 .net "H1", 7 0, L_00000000027ca5b0;  alias, 1 drivers
v00000000027c2f20_0 .net "day_cntr", 7 0, v00000000028308d0_0;  1 drivers
v00000000027c23e0_0 .var "ones_digit", 7 0;
v00000000027c3060_0 .var "tens_digit", 7 0;
E_00000000027cf940 .event edge, v00000000027c2f20_0;
S_00000000027afb00 .scope module, "S1" "SevenSeg" 6 152, 7 1 0, S_0000000002799470;
 .timescale -9 -10;
    .port_info 0 /OUTPUT 8 "H";
    .port_info 1 /INPUT 8 "NUM";
L_00000000027caa80 .functor BUFZ 8, v00000000027c28e0_0, C4<00000000>, C4<00000000>, C4<00000000>;
v00000000027c27a0_0 .net "H", 7 0, L_00000000027caa80;  alias, 1 drivers
v00000000027c22a0_0 .net "NUM", 7 0, v00000000027c23e0_0;  1 drivers
v00000000027c28e0_0 .var "value", 7 0;
E_00000000027cffc0 .event edge, v00000000027c22a0_0;
S_00000000027afc90 .scope module, "S2" "SevenSeg" 6 153, 7 1 0, S_0000000002799470;
 .timescale -9 -10;
    .port_info 0 /OUTPUT 8 "H";
    .port_info 1 /INPUT 8 "NUM";
L_00000000027ca5b0 .functor BUFZ 8, v00000000027c2d40_0, C4<00000000>, C4<00000000>, C4<00000000>;
v00000000027c2ac0_0 .net "H", 7 0, L_00000000027ca5b0;  alias, 1 drivers
v00000000027c2c00_0 .net "NUM", 7 0, v00000000027c3060_0;  1 drivers
v00000000027c2d40_0 .var "value", 7 0;
E_00000000027cfbc0 .event edge, v00000000027c2c00_0;
S_0000000002785400 .scope module, "S0" "SevenSeg" 5 42, 7 1 0, S_00000000027992e0;
 .timescale -9 -10;
    .port_info 0 /OUTPUT 8 "H";
    .port_info 1 /INPUT 8 "NUM";
L_00000000027cabd0 .functor BUFZ 8, v000000000282fc50_0, C4<00000000>, C4<00000000>, C4<00000000>;
v00000000028305b0_0 .net "H", 7 0, L_00000000027cabd0;  alias, 1 drivers
v0000000002830ab0_0 .net "NUM", 7 0, v0000000002830b50_0;  1 drivers
v000000000282fc50_0 .var "value", 7 0;
E_00000000027d0080 .event edge, v0000000002830ab0_0;
S_0000000002785590 .scope module, "W0" "SevenSeg" 4 65, 7 1 0, S_0000000002792f50;
 .timescale -9 -10;
    .port_info 0 /OUTPUT 8 "H";
    .port_info 1 /INPUT 8 "NUM";
L_00000000027cb030 .functor BUFZ 8, v000000000282ff70_0, C4<00000000>, C4<00000000>, C4<00000000>;
v000000000282f610_0 .net "H", 7 0, L_00000000027cb030;  alias, 1 drivers
v000000000282f2f0_0 .net "NUM", 7 0, v0000000002830d30_0;  1 drivers
v000000000282ff70_0 .var "value", 7 0;
E_00000000027cff80 .event edge, v000000000282f2f0_0;
S_0000000002752530 .scope module, "W1" "SevenSeg" 4 66, 7 1 0, S_0000000002792f50;
 .timescale -9 -10;
    .port_info 0 /OUTPUT 8 "H";
    .port_info 1 /INPUT 8 "NUM";
L_00000000027ca9a0 .functor BUFZ 8, v00000000028300b0_0, C4<00000000>, C4<00000000>, C4<00000000>;
v000000000282f6b0_0 .net "H", 7 0, L_00000000027ca9a0;  alias, 1 drivers
v000000000282f390_0 .net "NUM", 7 0, v000000000282fb10_0;  1 drivers
v00000000028300b0_0 .var "value", 7 0;
E_00000000027cf7c0 .event edge, v000000000282f390_0;
S_00000000027526c0 .scope module, "T0" "SevenSeg" 3 32, 7 1 0, S_0000000002792dc0;
 .timescale -9 -10;
    .port_info 0 /OUTPUT 8 "H";
    .port_info 1 /INPUT 8 "NUM";
L_00000000027ca460 .functor BUFZ 8, v000000000282f750_0, C4<00000000>, C4<00000000>, C4<00000000>;
v000000000282f110_0 .net "H", 7 0, L_00000000027ca460;  alias, 1 drivers
L_0000000002840088 .functor BUFT 1, C4<01011000>, C4<0>, C4<0>, C4<0>;
v000000000282f930_0 .net "NUM", 7 0, L_0000000002840088;  1 drivers
v000000000282f750_0 .var "value", 7 0;
E_00000000027cf8c0 .event edge, v000000000282f930_0;
S_0000000002831030 .scope module, "U0" "clock_divider" 3 63, 8 1 0, S_0000000002792dc0;
 .timescale -9 -10;
    .port_info 0 /INPUT 1 "clk";
    .port_info 1 /INPUT 1 "reset_n";
    .port_info 2 /OUTPUT 1 "slower_clk";
P_00000000027cfd80 .param/l "clk_div" 0 8 9, +C4<00000000010011000100101101000000>;
v000000000282fed0_0 .net "clk", 0 0, v0000000002836b30_0;  alias, 1 drivers
v000000000282f1b0_0 .var "div_cntr", 23 0;
v000000000282f7f0_0 .net "reset_n", 0 0, L_00000000027cae70;  alias, 1 drivers
v0000000002830510_0 .net "slower_clk", 0 0, v000000000282f9d0_0;  alias, 1 drivers
v000000000282f9d0_0 .var "slw_clk", 0 0;
E_00000000027cf900/0 .event negedge, v0000000002830c90_0;
E_00000000027cf900/1 .event posedge, v000000000282fed0_0;
E_00000000027cf900 .event/or E_00000000027cf900/0, E_00000000027cf900/1;
    .scope S_00000000027526c0;
T_0 ;
    %wait E_00000000027cf8c0;
    %load/vec4 v000000000282f930_0;
    %dup/vec4;
    %pushi/vec4 0, 0, 8;
    %cmp/u;
    %jmp/1 T_0.0, 6;
    %dup/vec4;
    %pushi/vec4 1, 0, 8;
    %cmp/u;
    %jmp/1 T_0.1, 6;
    %dup/vec4;
    %pushi/vec4 2, 0, 8;
    %cmp/u;
    %jmp/1 T_0.2, 6;
    %dup/vec4;
    %pushi/vec4 3, 0, 8;
    %cmp/u;
    %jmp/1 T_0.3, 6;
    %dup/vec4;
    %pushi/vec4 4, 0, 8;
    %cmp/u;
    %jmp/1 T_0.4, 6;
    %dup/vec4;
    %pushi/vec4 5, 0, 8;
    %cmp/u;
    %jmp/1 T_0.5, 6;
    %dup/vec4;
    %pushi/vec4 6, 0, 8;
    %cmp/u;
    %jmp/1 T_0.6, 6;
    %dup/vec4;
    %pushi/vec4 7, 0, 8;
    %cmp/u;
    %jmp/1 T_0.7, 6;
    %dup/vec4;
    %pushi/vec4 8, 0, 8;
    %cmp/u;
    %jmp/1 T_0.8, 6;
    %dup/vec4;
    %pushi/vec4 9, 0, 8;
    %cmp/u;
    %jmp/1 T_0.9, 6;
    %dup/vec4;
    %pushi/vec4 10, 0, 8;
    %cmp/u;
    %jmp/1 T_0.10, 6;
    %dup/vec4;
    %pushi/vec4 11, 0, 8;
    %cmp/u;
    %jmp/1 T_0.11, 6;
    %dup/vec4;
    %pushi/vec4 12, 0, 8;
    %cmp/u;
    %jmp/1 T_0.12, 6;
    %dup/vec4;
    %pushi/vec4 13, 0, 8;
    %cmp/u;
    %jmp/1 T_0.13, 6;
    %dup/vec4;
    %pushi/vec4 14, 0, 8;
    %cmp/u;
    %jmp/1 T_0.14, 6;
    %dup/vec4;
    %pushi/vec4 15, 0, 8;
    %cmp/u;
    %jmp/1 T_0.15, 6;
    %dup/vec4;
    %pushi/vec4 88, 0, 8;
    %cmp/u;
    %jmp/1 T_0.16, 6;
    %dup/vec4;
    %pushi/vec4 99, 0, 8;
    %cmp/u;
    %jmp/1 T_0.17, 6;
    %pushi/vec4 0, 0, 8;
    %store/vec4 v000000000282f750_0, 0, 8;
    %jmp T_0.19;
T_0.0 ;
    %pushi/vec4 192, 0, 8;
    %store/vec4 v000000000282f750_0, 0, 8;
    %jmp T_0.19;
T_0.1 ;
    %pushi/vec4 249, 0, 8;
    %store/vec4 v000000000282f750_0, 0, 8;
    %jmp T_0.19;
T_0.2 ;
    %pushi/vec4 164, 0, 8;
    %store/vec4 v000000000282f750_0, 0, 8;
    %jmp T_0.19;
T_0.3 ;
    %pushi/vec4 176, 0, 8;
    %store/vec4 v000000000282f750_0, 0, 8;
    %jmp T_0.19;
T_0.4 ;
    %pushi/vec4 153, 0, 8;
    %store/vec4 v000000000282f750_0, 0, 8;
    %jmp T_0.19;
T_0.5 ;
    %pushi/vec4 146, 0, 8;
    %store/vec4 v000000000282f750_0, 0, 8;
    %jmp T_0.19;
T_0.6 ;
    %pushi/vec4 130, 0, 8;
    %store/vec4 v000000000282f750_0, 0, 8;
    %jmp T_0.19;
T_0.7 ;
    %pushi/vec4 248, 0, 8;
    %store/vec4 v000000000282f750_0, 0, 8;
    %jmp T_0.19;
T_0.8 ;
    %pushi/vec4 128, 0, 8;
    %store/vec4 v000000000282f750_0, 0, 8;
    %jmp T_0.19;
T_0.9 ;
    %pushi/vec4 152, 0, 8;
    %store/vec4 v000000000282f750_0, 0, 8;
    %jmp T_0.19;
T_0.10 ;
    %pushi/vec4 136, 0, 8;
    %store/vec4 v000000000282f750_0, 0, 8;
    %jmp T_0.19;
T_0.11 ;
    %pushi/vec4 131, 0, 8;
    %store/vec4 v000000000282f750_0, 0, 8;
    %jmp T_0.19;
T_0.12 ;
    %pushi/vec4 198, 0, 8;
    %store/vec4 v000000000282f750_0, 0, 8;
    %jmp T_0.19;
T_0.13 ;
    %pushi/vec4 161, 0, 8;
    %store/vec4 v000000000282f750_0, 0, 8;
    %jmp T_0.19;
T_0.14 ;
    %pushi/vec4 134, 0, 8;
    %store/vec4 v000000000282f750_0, 0, 8;
    %jmp T_0.19;
T_0.15 ;
    %pushi/vec4 142, 0, 8;
    %store/vec4 v000000000282f750_0, 0, 8;
    %jmp T_0.19;
T_0.16 ;
    %pushi/vec4 255, 0, 8;
    %store/vec4 v000000000282f750_0, 0, 8;
    %jmp T_0.19;
T_0.17 ;
    %pushi/vec4 191, 0, 8;
    %store/vec4 v000000000282f750_0, 0, 8;
    %jmp T_0.19;
T_0.19 ;
    %pop/vec4 1;
    %jmp T_0;
    .thread T_0, $push;
    .scope S_0000000002831030;
T_1 ;
    %wait E_00000000027cf900;
    %load/vec4 v000000000282f7f0_0;
    %pad/u 32;
    %cmpi/e 0, 0, 32;
    %jmp/0xz  T_1.0, 4;
    %pushi/vec4 0, 0, 24;
    %assign/vec4 v000000000282f1b0_0, 0;
    %pushi/vec4 0, 0, 1;
    %assign/vec4 v000000000282f9d0_0, 0;
    %jmp T_1.1;
T_1.0 ;
    %load/vec4 v000000000282f1b0_0;
    %pad/u 32;
    %cmpi/e 4999999, 0, 32;
    %jmp/0xz  T_1.2, 4;
    %pushi/vec4 0, 0, 24;
    %assign/vec4 v000000000282f1b0_0, 0;
    %load/vec4 v000000000282f9d0_0;
    %inv;
    %assign/vec4 v000000000282f9d0_0, 0;
    %jmp T_1.3;
T_1.2 ;
    %load/vec4 v000000000282f1b0_0;
    %addi 1, 0, 24;
    %assign/vec4 v000000000282f1b0_0, 0;
T_1.3 ;
T_1.1 ;
    %jmp T_1;
    .thread T_1;
    .scope S_0000000002785400;
T_2 ;
    %wait E_00000000027d0080;
    %load/vec4 v0000000002830ab0_0;
    %dup/vec4;
    %pushi/vec4 0, 0, 8;
    %cmp/u;
    %jmp/1 T_2.0, 6;
    %dup/vec4;
    %pushi/vec4 1, 0, 8;
    %cmp/u;
    %jmp/1 T_2.1, 6;
    %dup/vec4;
    %pushi/vec4 2, 0, 8;
    %cmp/u;
    %jmp/1 T_2.2, 6;
    %dup/vec4;
    %pushi/vec4 3, 0, 8;
    %cmp/u;
    %jmp/1 T_2.3, 6;
    %dup/vec4;
    %pushi/vec4 4, 0, 8;
    %cmp/u;
    %jmp/1 T_2.4, 6;
    %dup/vec4;
    %pushi/vec4 5, 0, 8;
    %cmp/u;
    %jmp/1 T_2.5, 6;
    %dup/vec4;
    %pushi/vec4 6, 0, 8;
    %cmp/u;
    %jmp/1 T_2.6, 6;
    %dup/vec4;
    %pushi/vec4 7, 0, 8;
    %cmp/u;
    %jmp/1 T_2.7, 6;
    %dup/vec4;
    %pushi/vec4 8, 0, 8;
    %cmp/u;
    %jmp/1 T_2.8, 6;
    %dup/vec4;
    %pushi/vec4 9, 0, 8;
    %cmp/u;
    %jmp/1 T_2.9, 6;
    %dup/vec4;
    %pushi/vec4 10, 0, 8;
    %cmp/u;
    %jmp/1 T_2.10, 6;
    %dup/vec4;
    %pushi/vec4 11, 0, 8;
    %cmp/u;
    %jmp/1 T_2.11, 6;
    %dup/vec4;
    %pushi/vec4 12, 0, 8;
    %cmp/u;
    %jmp/1 T_2.12, 6;
    %dup/vec4;
    %pushi/vec4 13, 0, 8;
    %cmp/u;
    %jmp/1 T_2.13, 6;
    %dup/vec4;
    %pushi/vec4 14, 0, 8;
    %cmp/u;
    %jmp/1 T_2.14, 6;
    %dup/vec4;
    %pushi/vec4 15, 0, 8;
    %cmp/u;
    %jmp/1 T_2.15, 6;
    %dup/vec4;
    %pushi/vec4 88, 0, 8;
    %cmp/u;
    %jmp/1 T_2.16, 6;
    %dup/vec4;
    %pushi/vec4 99, 0, 8;
    %cmp/u;
    %jmp/1 T_2.17, 6;
    %pushi/vec4 0, 0, 8;
    %store/vec4 v000000000282fc50_0, 0, 8;
    %jmp T_2.19;
T_2.0 ;
    %pushi/vec4 192, 0, 8;
    %store/vec4 v000000000282fc50_0, 0, 8;
    %jmp T_2.19;
T_2.1 ;
    %pushi/vec4 249, 0, 8;
    %store/vec4 v000000000282fc50_0, 0, 8;
    %jmp T_2.19;
T_2.2 ;
    %pushi/vec4 164, 0, 8;
    %store/vec4 v000000000282fc50_0, 0, 8;
    %jmp T_2.19;
T_2.3 ;
    %pushi/vec4 176, 0, 8;
    %store/vec4 v000000000282fc50_0, 0, 8;
    %jmp T_2.19;
T_2.4 ;
    %pushi/vec4 153, 0, 8;
    %store/vec4 v000000000282fc50_0, 0, 8;
    %jmp T_2.19;
T_2.5 ;
    %pushi/vec4 146, 0, 8;
    %store/vec4 v000000000282fc50_0, 0, 8;
    %jmp T_2.19;
T_2.6 ;
    %pushi/vec4 130, 0, 8;
    %store/vec4 v000000000282fc50_0, 0, 8;
    %jmp T_2.19;
T_2.7 ;
    %pushi/vec4 248, 0, 8;
    %store/vec4 v000000000282fc50_0, 0, 8;
    %jmp T_2.19;
T_2.8 ;
    %pushi/vec4 128, 0, 8;
    %store/vec4 v000000000282fc50_0, 0, 8;
    %jmp T_2.19;
T_2.9 ;
    %pushi/vec4 152, 0, 8;
    %store/vec4 v000000000282fc50_0, 0, 8;
    %jmp T_2.19;
T_2.10 ;
    %pushi/vec4 136, 0, 8;
    %store/vec4 v000000000282fc50_0, 0, 8;
    %jmp T_2.19;
T_2.11 ;
    %pushi/vec4 131, 0, 8;
    %store/vec4 v000000000282fc50_0, 0, 8;
    %jmp T_2.19;
T_2.12 ;
    %pushi/vec4 198, 0, 8;
    %store/vec4 v000000000282fc50_0, 0, 8;
    %jmp T_2.19;
T_2.13 ;
    %pushi/vec4 161, 0, 8;
    %store/vec4 v000000000282fc50_0, 0, 8;
    %jmp T_2.19;
T_2.14 ;
    %pushi/vec4 134, 0, 8;
    %store/vec4 v000000000282fc50_0, 0, 8;
    %jmp T_2.19;
T_2.15 ;
    %pushi/vec4 142, 0, 8;
    %store/vec4 v000000000282fc50_0, 0, 8;
    %jmp T_2.19;
T_2.16 ;
    %pushi/vec4 255, 0, 8;
    %store/vec4 v000000000282fc50_0, 0, 8;
    %jmp T_2.19;
T_2.17 ;
    %pushi/vec4 191, 0, 8;
    %store/vec4 v000000000282fc50_0, 0, 8;
    %jmp T_2.19;
T_2.19 ;
    %pop/vec4 1;
    %jmp T_2;
    .thread T_2, $push;
    .scope S_00000000027afb00;
T_3 ;
    %wait E_00000000027cffc0;
    %load/vec4 v00000000027c22a0_0;
    %dup/vec4;
    %pushi/vec4 0, 0, 8;
    %cmp/u;
    %jmp/1 T_3.0, 6;
    %dup/vec4;
    %pushi/vec4 1, 0, 8;
    %cmp/u;
    %jmp/1 T_3.1, 6;
    %dup/vec4;
    %pushi/vec4 2, 0, 8;
    %cmp/u;
    %jmp/1 T_3.2, 6;
    %dup/vec4;
    %pushi/vec4 3, 0, 8;
    %cmp/u;
    %jmp/1 T_3.3, 6;
    %dup/vec4;
    %pushi/vec4 4, 0, 8;
    %cmp/u;
    %jmp/1 T_3.4, 6;
    %dup/vec4;
    %pushi/vec4 5, 0, 8;
    %cmp/u;
    %jmp/1 T_3.5, 6;
    %dup/vec4;
    %pushi/vec4 6, 0, 8;
    %cmp/u;
    %jmp/1 T_3.6, 6;
    %dup/vec4;
    %pushi/vec4 7, 0, 8;
    %cmp/u;
    %jmp/1 T_3.7, 6;
    %dup/vec4;
    %pushi/vec4 8, 0, 8;
    %cmp/u;
    %jmp/1 T_3.8, 6;
    %dup/vec4;
    %pushi/vec4 9, 0, 8;
    %cmp/u;
    %jmp/1 T_3.9, 6;
    %dup/vec4;
    %pushi/vec4 10, 0, 8;
    %cmp/u;
    %jmp/1 T_3.10, 6;
    %dup/vec4;
    %pushi/vec4 11, 0, 8;
    %cmp/u;
    %jmp/1 T_3.11, 6;
    %dup/vec4;
    %pushi/vec4 12, 0, 8;
    %cmp/u;
    %jmp/1 T_3.12, 6;
    %dup/vec4;
    %pushi/vec4 13, 0, 8;
    %cmp/u;
    %jmp/1 T_3.13, 6;
    %dup/vec4;
    %pushi/vec4 14, 0, 8;
    %cmp/u;
    %jmp/1 T_3.14, 6;
    %dup/vec4;
    %pushi/vec4 15, 0, 8;
    %cmp/u;
    %jmp/1 T_3.15, 6;
    %dup/vec4;
    %pushi/vec4 88, 0, 8;
    %cmp/u;
    %jmp/1 T_3.16, 6;
    %dup/vec4;
    %pushi/vec4 99, 0, 8;
    %cmp/u;
    %jmp/1 T_3.17, 6;
    %pushi/vec4 0, 0, 8;
    %store/vec4 v00000000027c28e0_0, 0, 8;
    %jmp T_3.19;
T_3.0 ;
    %pushi/vec4 192, 0, 8;
    %store/vec4 v00000000027c28e0_0, 0, 8;
    %jmp T_3.19;
T_3.1 ;
    %pushi/vec4 249, 0, 8;
    %store/vec4 v00000000027c28e0_0, 0, 8;
    %jmp T_3.19;
T_3.2 ;
    %pushi/vec4 164, 0, 8;
    %store/vec4 v00000000027c28e0_0, 0, 8;
    %jmp T_3.19;
T_3.3 ;
    %pushi/vec4 176, 0, 8;
    %store/vec4 v00000000027c28e0_0, 0, 8;
    %jmp T_3.19;
T_3.4 ;
    %pushi/vec4 153, 0, 8;
    %store/vec4 v00000000027c28e0_0, 0, 8;
    %jmp T_3.19;
T_3.5 ;
    %pushi/vec4 146, 0, 8;
    %store/vec4 v00000000027c28e0_0, 0, 8;
    %jmp T_3.19;
T_3.6 ;
    %pushi/vec4 130, 0, 8;
    %store/vec4 v00000000027c28e0_0, 0, 8;
    %jmp T_3.19;
T_3.7 ;
    %pushi/vec4 248, 0, 8;
    %store/vec4 v00000000027c28e0_0, 0, 8;
    %jmp T_3.19;
T_3.8 ;
    %pushi/vec4 128, 0, 8;
    %store/vec4 v00000000027c28e0_0, 0, 8;
    %jmp T_3.19;
T_3.9 ;
    %pushi/vec4 152, 0, 8;
    %store/vec4 v00000000027c28e0_0, 0, 8;
    %jmp T_3.19;
T_3.10 ;
    %pushi/vec4 136, 0, 8;
    %store/vec4 v00000000027c28e0_0, 0, 8;
    %jmp T_3.19;
T_3.11 ;
    %pushi/vec4 131, 0, 8;
    %store/vec4 v00000000027c28e0_0, 0, 8;
    %jmp T_3.19;
T_3.12 ;
    %pushi/vec4 198, 0, 8;
    %store/vec4 v00000000027c28e0_0, 0, 8;
    %jmp T_3.19;
T_3.13 ;
    %pushi/vec4 161, 0, 8;
    %store/vec4 v00000000027c28e0_0, 0, 8;
    %jmp T_3.19;
T_3.14 ;
    %pushi/vec4 134, 0, 8;
    %store/vec4 v00000000027c28e0_0, 0, 8;
    %jmp T_3.19;
T_3.15 ;
    %pushi/vec4 142, 0, 8;
    %store/vec4 v00000000027c28e0_0, 0, 8;
    %jmp T_3.19;
T_3.16 ;
    %pushi/vec4 255, 0, 8;
    %store/vec4 v00000000027c28e0_0, 0, 8;
    %jmp T_3.19;
T_3.17 ;
    %pushi/vec4 191, 0, 8;
    %store/vec4 v00000000027c28e0_0, 0, 8;
    %jmp T_3.19;
T_3.19 ;
    %pop/vec4 1;
    %jmp T_3;
    .thread T_3, $push;
    .scope S_00000000027afc90;
T_4 ;
    %wait E_00000000027cfbc0;
    %load/vec4 v00000000027c2c00_0;
    %dup/vec4;
    %pushi/vec4 0, 0, 8;
    %cmp/u;
    %jmp/1 T_4.0, 6;
    %dup/vec4;
    %pushi/vec4 1, 0, 8;
    %cmp/u;
    %jmp/1 T_4.1, 6;
    %dup/vec4;
    %pushi/vec4 2, 0, 8;
    %cmp/u;
    %jmp/1 T_4.2, 6;
    %dup/vec4;
    %pushi/vec4 3, 0, 8;
    %cmp/u;
    %jmp/1 T_4.3, 6;
    %dup/vec4;
    %pushi/vec4 4, 0, 8;
    %cmp/u;
    %jmp/1 T_4.4, 6;
    %dup/vec4;
    %pushi/vec4 5, 0, 8;
    %cmp/u;
    %jmp/1 T_4.5, 6;
    %dup/vec4;
    %pushi/vec4 6, 0, 8;
    %cmp/u;
    %jmp/1 T_4.6, 6;
    %dup/vec4;
    %pushi/vec4 7, 0, 8;
    %cmp/u;
    %jmp/1 T_4.7, 6;
    %dup/vec4;
    %pushi/vec4 8, 0, 8;
    %cmp/u;
    %jmp/1 T_4.8, 6;
    %dup/vec4;
    %pushi/vec4 9, 0, 8;
    %cmp/u;
    %jmp/1 T_4.9, 6;
    %dup/vec4;
    %pushi/vec4 10, 0, 8;
    %cmp/u;
    %jmp/1 T_4.10, 6;
    %dup/vec4;
    %pushi/vec4 11, 0, 8;
    %cmp/u;
    %jmp/1 T_4.11, 6;
    %dup/vec4;
    %pushi/vec4 12, 0, 8;
    %cmp/u;
    %jmp/1 T_4.12, 6;
    %dup/vec4;
    %pushi/vec4 13, 0, 8;
    %cmp/u;
    %jmp/1 T_4.13, 6;
    %dup/vec4;
    %pushi/vec4 14, 0, 8;
    %cmp/u;
    %jmp/1 T_4.14, 6;
    %dup/vec4;
    %pushi/vec4 15, 0, 8;
    %cmp/u;
    %jmp/1 T_4.15, 6;
    %dup/vec4;
    %pushi/vec4 88, 0, 8;
    %cmp/u;
    %jmp/1 T_4.16, 6;
    %dup/vec4;
    %pushi/vec4 99, 0, 8;
    %cmp/u;
    %jmp/1 T_4.17, 6;
    %pushi/vec4 0, 0, 8;
    %store/vec4 v00000000027c2d40_0, 0, 8;
    %jmp T_4.19;
T_4.0 ;
    %pushi/vec4 192, 0, 8;
    %store/vec4 v00000000027c2d40_0, 0, 8;
    %jmp T_4.19;
T_4.1 ;
    %pushi/vec4 249, 0, 8;
    %store/vec4 v00000000027c2d40_0, 0, 8;
    %jmp T_4.19;
T_4.2 ;
    %pushi/vec4 164, 0, 8;
    %store/vec4 v00000000027c2d40_0, 0, 8;
    %jmp T_4.19;
T_4.3 ;
    %pushi/vec4 176, 0, 8;
    %store/vec4 v00000000027c2d40_0, 0, 8;
    %jmp T_4.19;
T_4.4 ;
    %pushi/vec4 153, 0, 8;
    %store/vec4 v00000000027c2d40_0, 0, 8;
    %jmp T_4.19;
T_4.5 ;
    %pushi/vec4 146, 0, 8;
    %store/vec4 v00000000027c2d40_0, 0, 8;
    %jmp T_4.19;
T_4.6 ;
    %pushi/vec4 130, 0, 8;
    %store/vec4 v00000000027c2d40_0, 0, 8;
    %jmp T_4.19;
T_4.7 ;
    %pushi/vec4 248, 0, 8;
    %store/vec4 v00000000027c2d40_0, 0, 8;
    %jmp T_4.19;
T_4.8 ;
    %pushi/vec4 128, 0, 8;
    %store/vec4 v00000000027c2d40_0, 0, 8;
    %jmp T_4.19;
T_4.9 ;
    %pushi/vec4 152, 0, 8;
    %store/vec4 v00000000027c2d40_0, 0, 8;
    %jmp T_4.19;
T_4.10 ;
    %pushi/vec4 136, 0, 8;
    %store/vec4 v00000000027c2d40_0, 0, 8;
    %jmp T_4.19;
T_4.11 ;
    %pushi/vec4 131, 0, 8;
    %store/vec4 v00000000027c2d40_0, 0, 8;
    %jmp T_4.19;
T_4.12 ;
    %pushi/vec4 198, 0, 8;
    %store/vec4 v00000000027c2d40_0, 0, 8;
    %jmp T_4.19;
T_4.13 ;
    %pushi/vec4 161, 0, 8;
    %store/vec4 v00000000027c2d40_0, 0, 8;
    %jmp T_4.19;
T_4.14 ;
    %pushi/vec4 134, 0, 8;
    %store/vec4 v00000000027c2d40_0, 0, 8;
    %jmp T_4.19;
T_4.15 ;
    %pushi/vec4 142, 0, 8;
    %store/vec4 v00000000027c2d40_0, 0, 8;
    %jmp T_4.19;
T_4.16 ;
    %pushi/vec4 255, 0, 8;
    %store/vec4 v00000000027c2d40_0, 0, 8;
    %jmp T_4.19;
T_4.17 ;
    %pushi/vec4 191, 0, 8;
    %store/vec4 v00000000027c2d40_0, 0, 8;
    %jmp T_4.19;
T_4.19 ;
    %pop/vec4 1;
    %jmp T_4;
    .thread T_4, $push;
    .scope S_0000000002799470;
T_5 ;
    %wait E_00000000027cf940;
    %load/vec4 v00000000027c2f20_0;
    %dup/vec4;
    %pushi/vec4 31, 0, 8;
    %cmp/u;
    %jmp/1 T_5.0, 6;
    %dup/vec4;
    %pushi/vec4 30, 0, 8;
    %cmp/u;
    %jmp/1 T_5.1, 6;
    %dup/vec4;
    %pushi/vec4 29, 0, 8;
    %cmp/u;
    %jmp/1 T_5.2, 6;
    %dup/vec4;
    %pushi/vec4 28, 0, 8;
    %cmp/u;
    %jmp/1 T_5.3, 6;
    %dup/vec4;
    %pushi/vec4 27, 0, 8;
    %cmp/u;
    %jmp/1 T_5.4, 6;
    %dup/vec4;
    %pushi/vec4 26, 0, 8;
    %cmp/u;
    %jmp/1 T_5.5, 6;
    %dup/vec4;
    %pushi/vec4 25, 0, 8;
    %cmp/u;
    %jmp/1 T_5.6, 6;
    %dup/vec4;
    %pushi/vec4 24, 0, 8;
    %cmp/u;
    %jmp/1 T_5.7, 6;
    %dup/vec4;
    %pushi/vec4 23, 0, 8;
    %cmp/u;
    %jmp/1 T_5.8, 6;
    %dup/vec4;
    %pushi/vec4 22, 0, 8;
    %cmp/u;
    %jmp/1 T_5.9, 6;
    %dup/vec4;
    %pushi/vec4 21, 0, 8;
    %cmp/u;
    %jmp/1 T_5.10, 6;
    %dup/vec4;
    %pushi/vec4 20, 0, 8;
    %cmp/u;
    %jmp/1 T_5.11, 6;
    %dup/vec4;
    %pushi/vec4 19, 0, 8;
    %cmp/u;
    %jmp/1 T_5.12, 6;
    %dup/vec4;
    %pushi/vec4 18, 0, 8;
    %cmp/u;
    %jmp/1 T_5.13, 6;
    %dup/vec4;
    %pushi/vec4 17, 0, 8;
    %cmp/u;
    %jmp/1 T_5.14, 6;
    %dup/vec4;
    %pushi/vec4 16, 0, 8;
    %cmp/u;
    %jmp/1 T_5.15, 6;
    %dup/vec4;
    %pushi/vec4 15, 0, 8;
    %cmp/u;
    %jmp/1 T_5.16, 6;
    %dup/vec4;
    %pushi/vec4 14, 0, 8;
    %cmp/u;
    %jmp/1 T_5.17, 6;
    %dup/vec4;
    %pushi/vec4 13, 0, 8;
    %cmp/u;
    %jmp/1 T_5.18, 6;
    %dup/vec4;
    %pushi/vec4 12, 0, 8;
    %cmp/u;
    %jmp/1 T_5.19, 6;
    %dup/vec4;
    %pushi/vec4 11, 0, 8;
    %cmp/u;
    %jmp/1 T_5.20, 6;
    %dup/vec4;
    %pushi/vec4 10, 0, 8;
    %cmp/u;
    %jmp/1 T_5.21, 6;
    %dup/vec4;
    %pushi/vec4 9, 0, 8;
    %cmp/u;
    %jmp/1 T_5.22, 6;
    %dup/vec4;
    %pushi/vec4 8, 0, 8;
    %cmp/u;
    %jmp/1 T_5.23, 6;
    %dup/vec4;
    %pushi/vec4 7, 0, 8;
    %cmp/u;
    %jmp/1 T_5.24, 6;
    %dup/vec4;
    %pushi/vec4 6, 0, 8;
    %cmp/u;
    %jmp/1 T_5.25, 6;
    %dup/vec4;
    %pushi/vec4 5, 0, 8;
    %cmp/u;
    %jmp/1 T_5.26, 6;
    %dup/vec4;
    %pushi/vec4 4, 0, 8;
    %cmp/u;
    %jmp/1 T_5.27, 6;
    %dup/vec4;
    %pushi/vec4 3, 0, 8;
    %cmp/u;
    %jmp/1 T_5.28, 6;
    %dup/vec4;
    %pushi/vec4 2, 0, 8;
    %cmp/u;
    %jmp/1 T_5.29, 6;
    %dup/vec4;
    %pushi/vec4 1, 0, 8;
    %cmp/u;
    %jmp/1 T_5.30, 6;
    %pushi/vec4 9, 0, 8;
    %store/vec4 v00000000027c3060_0, 0, 8;
    %pushi/vec4 9, 0, 8;
    %store/vec4 v00000000027c23e0_0, 0, 8;
    %jmp T_5.32;
T_5.0 ;
    %pushi/vec4 3, 0, 8;
    %store/vec4 v00000000027c3060_0, 0, 8;
    %pushi/vec4 1, 0, 8;
    %store/vec4 v00000000027c23e0_0, 0, 8;
    %jmp T_5.32;
T_5.1 ;
    %pushi/vec4 3, 0, 8;
    %store/vec4 v00000000027c3060_0, 0, 8;
    %pushi/vec4 0, 0, 8;
    %store/vec4 v00000000027c23e0_0, 0, 8;
    %jmp T_5.32;
T_5.2 ;
    %pushi/vec4 2, 0, 8;
    %store/vec4 v00000000027c3060_0, 0, 8;
    %pushi/vec4 9, 0, 8;
    %store/vec4 v00000000027c23e0_0, 0, 8;
    %jmp T_5.32;
T_5.3 ;
    %pushi/vec4 2, 0, 8;
    %store/vec4 v00000000027c3060_0, 0, 8;
    %pushi/vec4 8, 0, 8;
    %store/vec4 v00000000027c23e0_0, 0, 8;
    %jmp T_5.32;
T_5.4 ;
    %pushi/vec4 2, 0, 8;
    %store/vec4 v00000000027c3060_0, 0, 8;
    %pushi/vec4 7, 0, 8;
    %store/vec4 v00000000027c23e0_0, 0, 8;
    %jmp T_5.32;
T_5.5 ;
    %pushi/vec4 2, 0, 8;
    %store/vec4 v00000000027c3060_0, 0, 8;
    %pushi/vec4 6, 0, 8;
    %store/vec4 v00000000027c23e0_0, 0, 8;
    %jmp T_5.32;
T_5.6 ;
    %pushi/vec4 2, 0, 8;
    %store/vec4 v00000000027c3060_0, 0, 8;
    %pushi/vec4 5, 0, 8;
    %store/vec4 v00000000027c23e0_0, 0, 8;
    %jmp T_5.32;
T_5.7 ;
    %pushi/vec4 2, 0, 8;
    %store/vec4 v00000000027c3060_0, 0, 8;
    %pushi/vec4 4, 0, 8;
    %store/vec4 v00000000027c23e0_0, 0, 8;
    %jmp T_5.32;
T_5.8 ;
    %pushi/vec4 2, 0, 8;
    %store/vec4 v00000000027c3060_0, 0, 8;
    %pushi/vec4 3, 0, 8;
    %store/vec4 v00000000027c23e0_0, 0, 8;
    %jmp T_5.32;
T_5.9 ;
    %pushi/vec4 2, 0, 8;
    %store/vec4 v00000000027c3060_0, 0, 8;
    %pushi/vec4 2, 0, 8;
    %store/vec4 v00000000027c23e0_0, 0, 8;
    %jmp T_5.32;
T_5.10 ;
    %pushi/vec4 2, 0, 8;
    %store/vec4 v00000000027c3060_0, 0, 8;
    %pushi/vec4 1, 0, 8;
    %store/vec4 v00000000027c23e0_0, 0, 8;
    %jmp T_5.32;
T_5.11 ;
    %pushi/vec4 2, 0, 8;
    %store/vec4 v00000000027c3060_0, 0, 8;
    %pushi/vec4 0, 0, 8;
    %store/vec4 v00000000027c23e0_0, 0, 8;
    %jmp T_5.32;
T_5.12 ;
    %pushi/vec4 1, 0, 8;
    %store/vec4 v00000000027c3060_0, 0, 8;
    %pushi/vec4 9, 0, 8;
    %store/vec4 v00000000027c23e0_0, 0, 8;
    %jmp T_5.32;
T_5.13 ;
    %pushi/vec4 1, 0, 8;
    %store/vec4 v00000000027c3060_0, 0, 8;
    %pushi/vec4 8, 0, 8;
    %store/vec4 v00000000027c23e0_0, 0, 8;
    %jmp T_5.32;
T_5.14 ;
    %pushi/vec4 1, 0, 8;
    %store/vec4 v00000000027c3060_0, 0, 8;
    %pushi/vec4 7, 0, 8;
    %store/vec4 v00000000027c23e0_0, 0, 8;
    %jmp T_5.32;
T_5.15 ;
    %pushi/vec4 1, 0, 8;
    %store/vec4 v00000000027c3060_0, 0, 8;
    %pushi/vec4 6, 0, 8;
    %store/vec4 v00000000027c23e0_0, 0, 8;
    %jmp T_5.32;
T_5.16 ;
    %pushi/vec4 1, 0, 8;
    %store/vec4 v00000000027c3060_0, 0, 8;
    %pushi/vec4 5, 0, 8;
    %store/vec4 v00000000027c23e0_0, 0, 8;
    %jmp T_5.32;
T_5.17 ;
    %pushi/vec4 1, 0, 8;
    %store/vec4 v00000000027c3060_0, 0, 8;
    %pushi/vec4 4, 0, 8;
    %store/vec4 v00000000027c23e0_0, 0, 8;
    %jmp T_5.32;
T_5.18 ;
    %pushi/vec4 1, 0, 8;
    %store/vec4 v00000000027c3060_0, 0, 8;
    %pushi/vec4 3, 0, 8;
    %store/vec4 v00000000027c23e0_0, 0, 8;
    %jmp T_5.32;
T_5.19 ;
    %pushi/vec4 1, 0, 8;
    %store/vec4 v00000000027c3060_0, 0, 8;
    %pushi/vec4 2, 0, 8;
    %store/vec4 v00000000027c23e0_0, 0, 8;
    %jmp T_5.32;
T_5.20 ;
    %pushi/vec4 1, 0, 8;
    %store/vec4 v00000000027c3060_0, 0, 8;
    %pushi/vec4 1, 0, 8;
    %store/vec4 v00000000027c23e0_0, 0, 8;
    %jmp T_5.32;
T_5.21 ;
    %pushi/vec4 1, 0, 8;
    %store/vec4 v00000000027c3060_0, 0, 8;
    %pushi/vec4 0, 0, 8;
    %store/vec4 v00000000027c23e0_0, 0, 8;
    %jmp T_5.32;
T_5.22 ;
    %pushi/vec4 88, 0, 8;
    %store/vec4 v00000000027c3060_0, 0, 8;
    %pushi/vec4 9, 0, 8;
    %store/vec4 v00000000027c23e0_0, 0, 8;
    %jmp T_5.32;
T_5.23 ;
    %pushi/vec4 88, 0, 8;
    %store/vec4 v00000000027c3060_0, 0, 8;
    %pushi/vec4 8, 0, 8;
    %store/vec4 v00000000027c23e0_0, 0, 8;
    %jmp T_5.32;
T_5.24 ;
    %pushi/vec4 88, 0, 8;
    %store/vec4 v00000000027c3060_0, 0, 8;
    %pushi/vec4 7, 0, 8;
    %store/vec4 v00000000027c23e0_0, 0, 8;
    %jmp T_5.32;
T_5.25 ;
    %pushi/vec4 88, 0, 8;
    %store/vec4 v00000000027c3060_0, 0, 8;
    %pushi/vec4 6, 0, 8;
    %store/vec4 v00000000027c23e0_0, 0, 8;
    %jmp T_5.32;
T_5.26 ;
    %pushi/vec4 88, 0, 8;
    %store/vec4 v00000000027c3060_0, 0, 8;
    %pushi/vec4 5, 0, 8;
    %store/vec4 v00000000027c23e0_0, 0, 8;
    %jmp T_5.32;
T_5.27 ;
    %pushi/vec4 88, 0, 8;
    %store/vec4 v00000000027c3060_0, 0, 8;
    %pushi/vec4 4, 0, 8;
    %store/vec4 v00000000027c23e0_0, 0, 8;
    %jmp T_5.32;
T_5.28 ;
    %pushi/vec4 88, 0, 8;
    %store/vec4 v00000000027c3060_0, 0, 8;
    %pushi/vec4 3, 0, 8;
    %store/vec4 v00000000027c23e0_0, 0, 8;
    %jmp T_5.32;
T_5.29 ;
    %pushi/vec4 88, 0, 8;
    %store/vec4 v00000000027c3060_0, 0, 8;
    %pushi/vec4 2, 0, 8;
    %store/vec4 v00000000027c23e0_0, 0, 8;
    %jmp T_5.32;
T_5.30 ;
    %pushi/vec4 88, 0, 8;
    %store/vec4 v00000000027c3060_0, 0, 8;
    %pushi/vec4 1, 0, 8;
    %store/vec4 v00000000027c23e0_0, 0, 8;
    %jmp T_5.32;
T_5.32 ;
    %pop/vec4 1;
    %jmp T_5;
    .thread T_5, $push;
    .scope S_00000000027992e0;
T_6 ;
    %wait E_00000000027cf980;
    %load/vec4 v0000000002830290_0;
    %cmpi/u 31, 0, 8;
    %flag_or 5, 4;
    %jmp/0xz  T_6.0, 5;
    %pushi/vec4 1, 0, 8;
    %assign/vec4 v0000000002830b50_0, 0;
    %load/vec4 v0000000002830290_0;
    %assign/vec4 v00000000028308d0_0, 0;
    %jmp T_6.1;
T_6.0 ;
    %load/vec4 v0000000002830290_0;
    %pushi/vec4 31, 0, 8;
    %load/vec4 v0000000002830dd0_0;
    %add;
    %cmp/u;
    %flag_or 5, 4;
    %jmp/0xz  T_6.2, 5;
    %pushi/vec4 2, 0, 8;
    %assign/vec4 v0000000002830b50_0, 0;
    %load/vec4 v0000000002830290_0;
    %subi 31, 0, 8;
    %assign/vec4 v00000000028308d0_0, 0;
    %jmp T_6.3;
T_6.2 ;
    %load/vec4 v0000000002830290_0;
    %pushi/vec4 31, 0, 8;
    %load/vec4 v0000000002830dd0_0;
    %add;
    %addi 31, 0, 8;
    %cmp/u;
    %flag_or 5, 4;
    %jmp/0xz  T_6.4, 5;
    %pushi/vec4 3, 0, 8;
    %assign/vec4 v0000000002830b50_0, 0;
    %load/vec4 v0000000002830290_0;
    %pushi/vec4 31, 0, 8;
    %load/vec4 v0000000002830dd0_0;
    %add;
    %sub;
    %assign/vec4 v00000000028308d0_0, 0;
    %jmp T_6.5;
T_6.4 ;
    %pushi/vec4 4, 0, 8;
    %assign/vec4 v0000000002830b50_0, 0;
    %load/vec4 v0000000002830290_0;
    %pushi/vec4 31, 0, 8;
    %load/vec4 v0000000002830dd0_0;
    %add;
    %addi 31, 0, 8;
    %sub;
    %assign/vec4 v00000000028308d0_0, 0;
T_6.5 ;
T_6.3 ;
T_6.1 ;
    %jmp T_6;
    .thread T_6, $push;
    .scope S_0000000002785590;
T_7 ;
    %wait E_00000000027cff80;
    %load/vec4 v000000000282f2f0_0;
    %dup/vec4;
    %pushi/vec4 0, 0, 8;
    %cmp/u;
    %jmp/1 T_7.0, 6;
    %dup/vec4;
    %pushi/vec4 1, 0, 8;
    %cmp/u;
    %jmp/1 T_7.1, 6;
    %dup/vec4;
    %pushi/vec4 2, 0, 8;
    %cmp/u;
    %jmp/1 T_7.2, 6;
    %dup/vec4;
    %pushi/vec4 3, 0, 8;
    %cmp/u;
    %jmp/1 T_7.3, 6;
    %dup/vec4;
    %pushi/vec4 4, 0, 8;
    %cmp/u;
    %jmp/1 T_7.4, 6;
    %dup/vec4;
    %pushi/vec4 5, 0, 8;
    %cmp/u;
    %jmp/1 T_7.5, 6;
    %dup/vec4;
    %pushi/vec4 6, 0, 8;
    %cmp/u;
    %jmp/1 T_7.6, 6;
    %dup/vec4;
    %pushi/vec4 7, 0, 8;
    %cmp/u;
    %jmp/1 T_7.7, 6;
    %dup/vec4;
    %pushi/vec4 8, 0, 8;
    %cmp/u;
    %jmp/1 T_7.8, 6;
    %dup/vec4;
    %pushi/vec4 9, 0, 8;
    %cmp/u;
    %jmp/1 T_7.9, 6;
    %dup/vec4;
    %pushi/vec4 10, 0, 8;
    %cmp/u;
    %jmp/1 T_7.10, 6;
    %dup/vec4;
    %pushi/vec4 11, 0, 8;
    %cmp/u;
    %jmp/1 T_7.11, 6;
    %dup/vec4;
    %pushi/vec4 12, 0, 8;
    %cmp/u;
    %jmp/1 T_7.12, 6;
    %dup/vec4;
    %pushi/vec4 13, 0, 8;
    %cmp/u;
    %jmp/1 T_7.13, 6;
    %dup/vec4;
    %pushi/vec4 14, 0, 8;
    %cmp/u;
    %jmp/1 T_7.14, 6;
    %dup/vec4;
    %pushi/vec4 15, 0, 8;
    %cmp/u;
    %jmp/1 T_7.15, 6;
    %dup/vec4;
    %pushi/vec4 88, 0, 8;
    %cmp/u;
    %jmp/1 T_7.16, 6;
    %dup/vec4;
    %pushi/vec4 99, 0, 8;
    %cmp/u;
    %jmp/1 T_7.17, 6;
    %pushi/vec4 0, 0, 8;
    %store/vec4 v000000000282ff70_0, 0, 8;
    %jmp T_7.19;
T_7.0 ;
    %pushi/vec4 192, 0, 8;
    %store/vec4 v000000000282ff70_0, 0, 8;
    %jmp T_7.19;
T_7.1 ;
    %pushi/vec4 249, 0, 8;
    %store/vec4 v000000000282ff70_0, 0, 8;
    %jmp T_7.19;
T_7.2 ;
    %pushi/vec4 164, 0, 8;
    %store/vec4 v000000000282ff70_0, 0, 8;
    %jmp T_7.19;
T_7.3 ;
    %pushi/vec4 176, 0, 8;
    %store/vec4 v000000000282ff70_0, 0, 8;
    %jmp T_7.19;
T_7.4 ;
    %pushi/vec4 153, 0, 8;
    %store/vec4 v000000000282ff70_0, 0, 8;
    %jmp T_7.19;
T_7.5 ;
    %pushi/vec4 146, 0, 8;
    %store/vec4 v000000000282ff70_0, 0, 8;
    %jmp T_7.19;
T_7.6 ;
    %pushi/vec4 130, 0, 8;
    %store/vec4 v000000000282ff70_0, 0, 8;
    %jmp T_7.19;
T_7.7 ;
    %pushi/vec4 248, 0, 8;
    %store/vec4 v000000000282ff70_0, 0, 8;
    %jmp T_7.19;
T_7.8 ;
    %pushi/vec4 128, 0, 8;
    %store/vec4 v000000000282ff70_0, 0, 8;
    %jmp T_7.19;
T_7.9 ;
    %pushi/vec4 152, 0, 8;
    %store/vec4 v000000000282ff70_0, 0, 8;
    %jmp T_7.19;
T_7.10 ;
    %pushi/vec4 136, 0, 8;
    %store/vec4 v000000000282ff70_0, 0, 8;
    %jmp T_7.19;
T_7.11 ;
    %pushi/vec4 131, 0, 8;
    %store/vec4 v000000000282ff70_0, 0, 8;
    %jmp T_7.19;
T_7.12 ;
    %pushi/vec4 198, 0, 8;
    %store/vec4 v000000000282ff70_0, 0, 8;
    %jmp T_7.19;
T_7.13 ;
    %pushi/vec4 161, 0, 8;
    %store/vec4 v000000000282ff70_0, 0, 8;
    %jmp T_7.19;
T_7.14 ;
    %pushi/vec4 134, 0, 8;
    %store/vec4 v000000000282ff70_0, 0, 8;
    %jmp T_7.19;
T_7.15 ;
    %pushi/vec4 142, 0, 8;
    %store/vec4 v000000000282ff70_0, 0, 8;
    %jmp T_7.19;
T_7.16 ;
    %pushi/vec4 255, 0, 8;
    %store/vec4 v000000000282ff70_0, 0, 8;
    %jmp T_7.19;
T_7.17 ;
    %pushi/vec4 191, 0, 8;
    %store/vec4 v000000000282ff70_0, 0, 8;
    %jmp T_7.19;
T_7.19 ;
    %pop/vec4 1;
    %jmp T_7;
    .thread T_7, $push;
    .scope S_0000000002752530;
T_8 ;
    %wait E_00000000027cf7c0;
    %load/vec4 v000000000282f390_0;
    %dup/vec4;
    %pushi/vec4 0, 0, 8;
    %cmp/u;
    %jmp/1 T_8.0, 6;
    %dup/vec4;
    %pushi/vec4 1, 0, 8;
    %cmp/u;
    %jmp/1 T_8.1, 6;
    %dup/vec4;
    %pushi/vec4 2, 0, 8;
    %cmp/u;
    %jmp/1 T_8.2, 6;
    %dup/vec4;
    %pushi/vec4 3, 0, 8;
    %cmp/u;
    %jmp/1 T_8.3, 6;
    %dup/vec4;
    %pushi/vec4 4, 0, 8;
    %cmp/u;
    %jmp/1 T_8.4, 6;
    %dup/vec4;
    %pushi/vec4 5, 0, 8;
    %cmp/u;
    %jmp/1 T_8.5, 6;
    %dup/vec4;
    %pushi/vec4 6, 0, 8;
    %cmp/u;
    %jmp/1 T_8.6, 6;
    %dup/vec4;
    %pushi/vec4 7, 0, 8;
    %cmp/u;
    %jmp/1 T_8.7, 6;
    %dup/vec4;
    %pushi/vec4 8, 0, 8;
    %cmp/u;
    %jmp/1 T_8.8, 6;
    %dup/vec4;
    %pushi/vec4 9, 0, 8;
    %cmp/u;
    %jmp/1 T_8.9, 6;
    %dup/vec4;
    %pushi/vec4 10, 0, 8;
    %cmp/u;
    %jmp/1 T_8.10, 6;
    %dup/vec4;
    %pushi/vec4 11, 0, 8;
    %cmp/u;
    %jmp/1 T_8.11, 6;
    %dup/vec4;
    %pushi/vec4 12, 0, 8;
    %cmp/u;
    %jmp/1 T_8.12, 6;
    %dup/vec4;
    %pushi/vec4 13, 0, 8;
    %cmp/u;
    %jmp/1 T_8.13, 6;
    %dup/vec4;
    %pushi/vec4 14, 0, 8;
    %cmp/u;
    %jmp/1 T_8.14, 6;
    %dup/vec4;
    %pushi/vec4 15, 0, 8;
    %cmp/u;
    %jmp/1 T_8.15, 6;
    %dup/vec4;
    %pushi/vec4 88, 0, 8;
    %cmp/u;
    %jmp/1 T_8.16, 6;
    %dup/vec4;
    %pushi/vec4 99, 0, 8;
    %cmp/u;
    %jmp/1 T_8.17, 6;
    %pushi/vec4 0, 0, 8;
    %store/vec4 v00000000028300b0_0, 0, 8;
    %jmp T_8.19;
T_8.0 ;
    %pushi/vec4 192, 0, 8;
    %store/vec4 v00000000028300b0_0, 0, 8;
    %jmp T_8.19;
T_8.1 ;
    %pushi/vec4 249, 0, 8;
    %store/vec4 v00000000028300b0_0, 0, 8;
    %jmp T_8.19;
T_8.2 ;
    %pushi/vec4 164, 0, 8;
    %store/vec4 v00000000028300b0_0, 0, 8;
    %jmp T_8.19;
T_8.3 ;
    %pushi/vec4 176, 0, 8;
    %store/vec4 v00000000028300b0_0, 0, 8;
    %jmp T_8.19;
T_8.4 ;
    %pushi/vec4 153, 0, 8;
    %store/vec4 v00000000028300b0_0, 0, 8;
    %jmp T_8.19;
T_8.5 ;
    %pushi/vec4 146, 0, 8;
    %store/vec4 v00000000028300b0_0, 0, 8;
    %jmp T_8.19;
T_8.6 ;
    %pushi/vec4 130, 0, 8;
    %store/vec4 v00000000028300b0_0, 0, 8;
    %jmp T_8.19;
T_8.7 ;
    %pushi/vec4 248, 0, 8;
    %store/vec4 v00000000028300b0_0, 0, 8;
    %jmp T_8.19;
T_8.8 ;
    %pushi/vec4 128, 0, 8;
    %store/vec4 v00000000028300b0_0, 0, 8;
    %jmp T_8.19;
T_8.9 ;
    %pushi/vec4 152, 0, 8;
    %store/vec4 v00000000028300b0_0, 0, 8;
    %jmp T_8.19;
T_8.10 ;
    %pushi/vec4 136, 0, 8;
    %store/vec4 v00000000028300b0_0, 0, 8;
    %jmp T_8.19;
T_8.11 ;
    %pushi/vec4 131, 0, 8;
    %store/vec4 v00000000028300b0_0, 0, 8;
    %jmp T_8.19;
T_8.12 ;
    %pushi/vec4 198, 0, 8;
    %store/vec4 v00000000028300b0_0, 0, 8;
    %jmp T_8.19;
T_8.13 ;
    %pushi/vec4 161, 0, 8;
    %store/vec4 v00000000028300b0_0, 0, 8;
    %jmp T_8.19;
T_8.14 ;
    %pushi/vec4 134, 0, 8;
    %store/vec4 v00000000028300b0_0, 0, 8;
    %jmp T_8.19;
T_8.15 ;
    %pushi/vec4 142, 0, 8;
    %store/vec4 v00000000028300b0_0, 0, 8;
    %jmp T_8.19;
T_8.16 ;
    %pushi/vec4 255, 0, 8;
    %store/vec4 v00000000028300b0_0, 0, 8;
    %jmp T_8.19;
T_8.17 ;
    %pushi/vec4 191, 0, 8;
    %store/vec4 v00000000028300b0_0, 0, 8;
    %jmp T_8.19;
T_8.19 ;
    %pop/vec4 1;
    %jmp T_8;
    .thread T_8, $push;
    .scope S_0000000002792f50;
T_9 ;
    %wait E_00000000027cf0c0;
    %load/vec4 v000000000282f4d0_0;
    %pad/u 32;
    %cmpi/e 0, 0, 32;
    %jmp/0xz  T_9.0, 4;
    %pushi/vec4 88, 0, 8;
    %assign/vec4 v000000000282fb10_0, 0;
    %pushi/vec4 1, 0, 8;
    %assign/vec4 v0000000002830d30_0, 0;
    %pushi/vec4 1, 0, 8;
    %assign/vec4 v000000000282f890_0, 0;
    %jmp T_9.1;
T_9.0 ;
    %load/vec4 v0000000002830d30_0;
    %pad/u 32;
    %cmpi/ne 9, 0, 32;
    %jmp/0xz  T_9.2, 4;
    %load/vec4 v000000000282fb10_0;
    %assign/vec4 v000000000282fb10_0, 0;
    %load/vec4 v0000000002830d30_0;
    %addi 1, 0, 8;
    %assign/vec4 v0000000002830d30_0, 0;
    %load/vec4 v000000000282f890_0;
    %addi 1, 0, 8;
    %assign/vec4 v000000000282f890_0, 0;
    %jmp T_9.3;
T_9.2 ;
    %load/vec4 v0000000002830d30_0;
    %pad/u 32;
    %cmpi/e 9, 0, 32;
    %jmp/0xz  T_9.4, 4;
    %load/vec4 v000000000282fb10_0;
    %cmpi/e 88, 0, 8;
    %jmp/0xz  T_9.6, 4;
    %pushi/vec4 1, 0, 8;
    %assign/vec4 v000000000282fb10_0, 0;
    %pushi/vec4 0, 0, 8;
    %assign/vec4 v0000000002830d30_0, 0;
    %load/vec4 v000000000282f890_0;
    %addi 1, 0, 8;
    %assign/vec4 v000000000282f890_0, 0;
    %jmp T_9.7;
T_9.6 ;
    %load/vec4 v000000000282fb10_0;
    %cmpi/e 9, 0, 8;
    %jmp/0xz  T_9.8, 4;
    %pushi/vec4 88, 0, 8;
    %assign/vec4 v000000000282fb10_0, 0;
    %pushi/vec4 1, 0, 8;
    %assign/vec4 v0000000002830d30_0, 0;
    %pushi/vec4 1, 0, 8;
    %assign/vec4 v000000000282f890_0, 0;
    %jmp T_9.9;
T_9.8 ;
    %load/vec4 v000000000282fb10_0;
    %addi 1, 0, 8;
    %assign/vec4 v000000000282fb10_0, 0;
    %pushi/vec4 0, 0, 8;
    %assign/vec4 v0000000002830d30_0, 0;
    %load/vec4 v000000000282f890_0;
    %addi 1, 0, 8;
    %assign/vec4 v000000000282f890_0, 0;
T_9.9 ;
T_9.7 ;
T_9.4 ;
T_9.3 ;
T_9.1 ;
    %jmp T_9;
    .thread T_9;
    .scope S_0000000002792dc0;
T_10 ;
    %pushi/vec4 0, 0, 1;
    %store/vec4 v00000000028363b0_0, 0, 1;
    %pushi/vec4 1, 0, 1;
    %store/vec4 v0000000002836810_0, 0, 1;
    %end;
    .thread T_10;
    .scope S_0000000002792dc0;
T_11 ;
    %wait E_00000000027ceec0;
    %load/vec4 v00000000028363b0_0;
    %inv;
    %assign/vec4 v00000000028363b0_0, 0;
    %jmp T_11;
    .thread T_11;
    .scope S_0000000002792dc0;
T_12 ;
    %wait E_00000000027ce900;
    %load/vec4 v00000000028303d0_0;
    %parti/s 1, 9, 5;
    %pad/u 32;
    %cmpi/e 1, 0, 32;
    %jmp/0xz  T_12.0, 4;
    %pushi/vec4 29, 0, 8;
    %assign/vec4 v0000000002835550_0, 0;
    %jmp T_12.1;
T_12.0 ;
    %pushi/vec4 28, 0, 8;
    %assign/vec4 v0000000002835550_0, 0;
T_12.1 ;
    %jmp T_12;
    .thread T_12, $push;
    .scope S_0000000002792dc0;
T_13 ;
    %wait E_00000000027ce880;
    %load/vec4 v0000000002836810_0;
    %inv;
    %assign/vec4 v0000000002836810_0, 0;
    %jmp T_13;
    .thread T_13;
    .scope S_0000000002783a10;
T_14 ;
    %delay 50, 0;
    %load/vec4 v0000000002836b30_0;
    %inv;
    %store/vec4 v0000000002836b30_0, 0, 1;
    %jmp T_14;
    .thread T_14;
    .scope S_0000000002783a10;
T_15 ;
    %wait E_00000000027cd9c0;
    %load/vec4 v0000000002836bd0_0;
    %parti/s 1, 9, 5;
    %inv;
    %ix/load 4, 9, 0;
    %flag_set/imm 4, 0;
    %store/vec4 v0000000002836bd0_0, 4, 1;
    %jmp T_15;
    .thread T_15;
    .scope S_0000000002783a10;
T_16 ;
    %vpi_call 2 46 "$monitor", "%d,\011%b", $time, &PV<v0000000002836bd0_0, 9, 1> {0 0 0};
    %end;
    .thread T_16;
    .scope S_0000000002783a10;
T_17 ;
    %vpi_call 2 51 "$display", "Simulation ended." {0 0 0};
    %delay 5000, 0;
    %vpi_call 2 52 "$finish" {0 0 0};
    %end;
    .thread T_17;
# The file index is used to find the file name in the following table.
:file_names 9;
    "N/A";
    "<interactive>";
    "tb_leapyear.v";
    "Lab2.v";
    "counters.v";
    "monthday.v";
    "daydisplay.v";
    "SevenSeg.v";
    "clock_divider.v";
